extDB2: Version: 70
extDB2: https://github.com/Torndeco/extDB2
extDB2: Windows Version
Message: All development for extDB2 is done on a Linux Dedicated Server
Message: If you would like to Donate to extDB2 Development
Message: https://www.paypal.com/cgi-bin/webscr?cmd=_s-xclick&hosted_button_id=2SUEFTGABTAM2
Message: Also leave a message if there is any particular feature you would like to see added.
Message: Thanks for all the people that have donated.
Message: Torndeco: 20/02/15


extDB2: Found extdb-conf.ini
extDB2: Detected 8 Cores, Setting up 6 Worker Threads (config settings)


[23:33:31:605104 --2:00] [Thread 13852] extDB2: Database Type: MySQL
[23:33:31:607826 --2:00] [Thread 13852] extDB2: Database Session Pool Started
[23:33:31:608314 --2:00] [Thread 13852] extDB2: SQL_RAW_V2: Initialized: ADD_QUOTES True
[23:33:31:659513 --2:00] [Thread 2348] extDB2: SQL_RAW_V2: Error StatementException: MySQL: [MySQL]: [Comment]: mysql_stmt_execute error	[mysql_stmt_error]: The user specified as a definer ('arma3'@'localhost') does not exist	[mysql_stmt_errno]: 1449	[mysql_stmt_sqlstate]: HY000	[statemnt]: CALL deleteDeadVehicles
[23:33:31:659513 --2:00] [Thread 12280] extDB2: SQL_RAW_V2: Error StatementException: MySQL: [MySQL]: [Comment]: mysql_stmt_execute error	[mysql_stmt_error]: The user specified as a definer ('arma3'@'localhost') does not exist	[mysql_stmt_errno]: 1449	[mysql_stmt_sqlstate]: HY000	[statemnt]: CALL resetLifeVehicles
[23:33:31:659513 --2:00] [Thread 12628] extDB2: SQL_RAW_V2: Error StatementException: MySQL: [MySQL]: [Comment]: mysql_stmt_execute error	[mysql_stmt_error]: The user specified as a definer ('arma3'@'localhost') does not exist	[mysql_stmt_errno]: 1449	[mysql_stmt_sqlstate]: HY000	[statemnt]: CALL deleteOldGangs
[23:33:31:659580 --2:00] [Thread 12628] extDB2: SQL_RAW_V2: Error StatementException: SQL: CALL deleteOldGangs
[23:33:31:659552 --2:00] [Thread 1656] extDB2: SQL_RAW_V2: Error StatementException: MySQL: [MySQL]: [Comment]: mysql_stmt_execute error	[mysql_stmt_error]: The user specified as a definer ('arma3'@'localhost') does not exist	[mysql_stmt_errno]: 1449	[mysql_stmt_sqlstate]: HY000	[statemnt]: CALL deleteOldHouses
[23:33:31:659606 --2:00] [Thread 1656] extDB2: SQL_RAW_V2: Error StatementException: SQL: CALL deleteOldHouses
[23:33:31:659542 --2:00] [Thread 2348] extDB2: SQL_RAW_V2: Error StatementException: SQL: CALL deleteDeadVehicles
[23:33:31:659559 --2:00] [Thread 12280] extDB2: SQL_RAW_V2: Error StatementException: SQL: CALL resetLifeVehicles
